[2018-02-28 14:56:44.337] [info]	Démarrage serveur
[2018-02-28 14:56:44.337] [info]	Ecoute des tentatives de connexions
[2018-02-28 14:56:44.337] [info]	Serveur en attente de connexion client
[2018-02-28 14:56:52.359] [warning]	Paquet de login reçu
[2018-02-28 14:56:52.359] [info]	Client "elishac" s'est logged-in
[2018-02-28 14:56:52.359] [info]	Reçu une demande de jeu de : elishac
[2018-02-28 14:56:52.359] [info]	Envoi d'un game waiting à : elishac
[2018-02-28 14:57:00.747] [warning]	Paquet de login reçu
[2018-02-28 14:57:03.414] [warning]	Paquet de login reçu
[2018-02-28 14:57:03.415] [info]	Client "adminc" s'est logged-in
[2018-02-28 14:57:03.415] [info]	Reçu une demande de jeu de : adminc
[2018-02-28 14:57:03.415] [info]	Envoi d'un game waiting à : adminc
[2018-02-28 14:57:03.415] [info]	Envoi d'un game ready à : elishac
[2018-02-28 14:57:03.415] [info]	Envoi d'un game ready à : adminc
[2018-02-28 14:57:13.252] [warning]	La connexion avec le client "elishac" semble avoir été interrompue !
[2018-02-28 14:57:14.195] [warning]	La connexion avec le client "adminc" semble avoir été interrompue !
[2018-02-28 15:11:14.615] [info]	Démarrage serveur
[2018-02-28 15:11:14.615] [info]	Ecoute des tentatives de connexions
[2018-02-28 15:11:14.615] [info]	Serveur en attente de connexion client
[2018-02-28 15:11:24.361] [warning]	Paquet de login reçu
[2018-02-28 15:11:24.361] [info]	Client "elishac" s'est logged-in
[2018-02-28 15:11:24.361] [info]	Reçu une demande de jeu de : elishac
[2018-02-28 15:11:24.361] [info]	Envoi d'un game waiting à : elishac
[2018-02-28 15:11:35.453] [warning]	Paquet de login reçu
[2018-02-28 15:11:35.453] [info]	Client "adminc" s'est logged-in
[2018-02-28 15:11:35.454] [info]	Reçu une demande de jeu de : adminc
[2018-02-28 15:11:35.454] [info]	Envoi d'un game waiting à : adminc
[2018-02-28 15:11:35.454] [info]	Envoi d'un game ready à : elishac
[2018-02-28 15:11:35.454] [info]	Envoi d'un game ready à : adminc
[2018-02-28 15:24:31.726] [info]	Démarrage serveur
[2018-02-28 15:24:31.726] [info]	Ecoute des tentatives de connexions
[2018-02-28 15:24:31.726] [info]	Serveur en attente de connexion client
[2018-02-28 15:24:37.270] [warning]	Paquet de login reçu
[2018-02-28 15:24:37.270] [info]	Client "elishac" s'est logged-in
[2018-02-28 15:24:37.271] [info]	Reçu une demande de jeu de : elishac
[2018-02-28 15:24:37.271] [info]	Envoi d'un game waiting à : elishac
[2018-02-28 15:24:46.640] [warning]	Paquet de login reçu
[2018-02-28 15:24:46.640] [info]	Client "adminc" s'est logged-in
[2018-02-28 15:24:46.641] [info]	Reçu une demande de jeu de : adminc
[2018-02-28 15:24:46.641] [info]	Envoi d'un game waiting à : adminc
[2018-02-28 15:24:46.641] [info]	Envoi d'un game ready à : elishac
[2018-02-28 15:24:46.641] [info]	Envoi d'un game ready à : adminc
[2018-02-28 15:26:10.733] [info]	Démarrage serveur
[2018-02-28 15:26:10.733] [info]	Ecoute des tentatives de connexions
[2018-02-28 15:26:10.733] [info]	Serveur en attente de connexion client
[2018-02-28 15:26:32.353] [warning]	Paquet de login reçu
[2018-02-28 15:26:32.353] [info]	Client "elishac" s'est logged-in
[2018-02-28 15:26:32.354] [info]	Reçu une demande de jeu de : elishac
[2018-02-28 15:26:32.354] [info]	Envoi d'un game waiting à : elishac
[2018-02-28 15:26:40.861] [warning]	Paquet de login reçu
[2018-02-28 15:26:40.861] [info]	Client "adminc" s'est logged-in
[2018-02-28 15:26:40.862] [info]	Reçu une demande de jeu de : adminc
[2018-02-28 15:26:40.862] [info]	Envoi d'un game waiting à : adminc
[2018-02-28 15:26:40.862] [info]	Envoi d'un game ready à : elishac
[2018-02-28 15:26:40.862] [info]	Envoi d'un game ready à : adminc
[2018-02-28 16:11:11.883] [info]	Démarrage serveur
[2018-02-28 16:11:11.884] [info]	Ecoute des tentatives de connexions
[2018-02-28 16:11:11.884] [info]	Serveur en attente de connexion client
[2018-02-28 16:11:16.775] [warning]	Paquet de login reçu
[2018-02-28 16:11:16.775] [info]	Client "elishac" s'est logged-in
[2018-02-28 16:11:16.775] [info]	Reçu une demande de jeu de : elishac
[2018-02-28 16:11:16.775] [info]	Envoi d'un game waiting à : elishac
[2018-02-28 16:11:28.914] [warning]	Paquet de login reçu
[2018-02-28 16:11:28.914] [info]	Client "adminc" s'est logged-in
[2018-02-28 16:11:28.915] [info]	Reçu une demande de jeu de : adminc
[2018-02-28 16:11:28.915] [info]	Envoi d'un game waiting à : adminc
[2018-02-28 16:11:28.915] [info]	Envoi d'un game ready à : elishac
[2018-02-28 16:11:28.915] [info]	Envoi d'un game ready à : adminc
[2018-02-28 16:35:27.915] [info]	Démarrage serveur
[2018-02-28 16:35:27.915] [info]	Ecoute des tentatives de connexions
[2018-02-28 16:35:27.915] [info]	Serveur en attente de connexion client
[2018-02-28 16:39:06.070] [warning]	Paquet de login reçu
[2018-02-28 16:39:06.070] [info]	Client "elishac" s'est logged-in
[2018-02-28 16:39:06.071] [info]	Reçu une demande de jeu de : elishac
[2018-02-28 16:39:06.071] [info]	Envoi d'un game waiting à : elishac
[2018-02-28 16:39:15.754] [warning]	Paquet de login reçu
[2018-02-28 16:39:15.754] [info]	Client "adminc" s'est logged-in
[2018-02-28 16:39:15.755] [info]	Reçu une demande de jeu de : adminc
[2018-02-28 16:39:15.755] [info]	Envoi d'un game waiting à : adminc
[2018-02-28 16:39:15.755] [info]	Envoi d'un game ready à : elishac
[2018-02-28 16:39:15.755] [info]	Envoi d'un game ready à : adminc
[2018-02-28 16:41:52.289] [info]	Démarrage serveur
[2018-02-28 16:41:52.289] [info]	Ecoute des tentatives de connexions
[2018-02-28 16:41:52.289] [info]	Serveur en attente de connexion client
[2018-02-28 16:42:01.398] [warning]	Paquet de login reçu
[2018-02-28 16:42:01.398] [info]	Client "elishac" s'est logged-in
[2018-02-28 16:42:01.398] [info]	Reçu une demande de jeu de : elishac
[2018-02-28 16:42:01.398] [info]	Envoi d'un game waiting à : elishac
[2018-02-28 16:42:06.157] [warning]	Paquet de login reçu
[2018-02-28 16:42:06.157] [info]	Client "adminc" s'est logged-in
[2018-02-28 16:42:06.157] [info]	Reçu une demande de jeu de : adminc
[2018-02-28 16:42:06.157] [info]	Envoi d'un game waiting à : adminc
[2018-02-28 16:42:06.157] [info]	Envoi d'un game ready à : elishac
[2018-02-28 16:42:06.157] [info]	Envoi d'un game ready à : adminc
[2018-02-28 16:44:57.115] [info]	Démarrage serveur
[2018-02-28 16:44:57.115] [info]	Ecoute des tentatives de connexions
[2018-02-28 16:44:57.115] [info]	Serveur en attente de connexion client
[2018-02-28 16:45:00.947] [warning]	Paquet de login reçu
[2018-02-28 16:45:00.948] [info]	Client "elishac" s'est logged-in
[2018-02-28 16:45:00.948] [info]	Reçu une demande de jeu de : elishac
[2018-02-28 16:45:00.948] [info]	Envoi d'un game waiting à : elishac
[2018-02-28 16:45:05.361] [warning]	Paquet de login reçu
[2018-02-28 16:45:05.362] [info]	Client "adminc" s'est logged-in
[2018-02-28 16:45:05.362] [info]	Reçu une demande de jeu de : adminc
[2018-02-28 16:45:05.362] [info]	Envoi d'un game waiting à : adminc
[2018-02-28 16:45:05.362] [info]	Envoi d'un game ready à : elishac
[2018-02-28 16:45:05.362] [info]	Envoi d'un game ready à : adminc
[2018-02-28 16:45:11.994] [warning]	La connexion avec le client "adminc" semble avoir été interrompue !
[2018-02-28 16:45:12.483] [warning]	La connexion avec le client "elishac" semble avoir été interrompue !
[2018-02-28 16:56:27.355] [info]	Démarrage serveur
[2018-02-28 16:56:27.355] [info]	Ecoute des tentatives de connexions
[2018-02-28 16:56:27.355] [info]	Serveur en attente de connexion client
[2018-02-28 16:56:33.373] [warning]	Paquet de login reçu
[2018-02-28 16:56:33.373] [info]	Client "elishac" s'est logged-in
[2018-02-28 16:56:33.373] [info]	Reçu une demande de jeu de : elishac
[2018-02-28 16:56:33.373] [info]	Envoi d'un game waiting à : elishac
[2018-02-28 16:56:38.399] [warning]	Paquet de login reçu
[2018-02-28 16:56:38.399] [info]	Client "adminc" s'est logged-in
[2018-02-28 16:56:38.399] [info]	Reçu une demande de jeu de : adminc
[2018-02-28 16:56:38.399] [info]	Envoi d'un game waiting à : adminc
[2018-02-28 16:56:38.399] [info]	Envoi d'un game ready à : elishac
[2018-02-28 16:56:38.399] [info]	Envoi d'un game ready à : adminc
